<?xml version="1.0" encoding="UTF-8"?>
<!-- Generated by org.testng.reporters.JUnitReportReporter -->
<testsuite skipped="1" hostname="DESKTOP-I5E0NA3" name="Test.NewTest" tests="2" failures="0" timestamp="2021-04-07T08:48:32 IST" time="0.012" errors="0">
  <testcase name="afterMethod" time="0.012" classname="Test.NewTest"/>
  <system-out/>
  <testcase name="f" classname="Test.NewTest">
    <skipped/>
  </testcase> <!-- f -->
  <system-out/>
</testsuite> <!-- Test.NewTest -->
